<?xml version="1.0" encoding="UTF-8"?>
<!-- Generated by org.testng.reporters.JUnitXMLReporter -->
<testsuite hostname="Raktims-MacBook-Pro.local" ignored="6" name="Default test" tests="1" failures="0" timestamp="20 Mar 2024 06:19:38 GMT" time="3.465" errors="0">
  <testcase name="comparePDFvisualMode" time="3.427" classname="PDFComparison.PDFUtilComparison.DemoPDFTest"/>
  <testcase name="getPageCount" time="0.0" classname="PDFComparison.PDFUtilComparison.DemoPDFTest">
    <ignored/>
  </testcase> <!-- getPageCount -->
  <testcase name="comparePDF" time="0.0" classname="PDFComparison.PDFUtilComparison.DemoPDFTest">
    <ignored/>
  </testcase> <!-- comparePDF -->
  <testcase name="getPageContentForPages" time="0.0" classname="PDFComparison.PDFUtilComparison.DemoPDFTest">
    <ignored/>
  </testcase> <!-- getPageContentForPages -->
  <testcase name="extractImages" time="0.0" classname="PDFComparison.PDFUtilComparison.DemoPDFTest">
    <ignored/>
  </testcase> <!-- extractImages -->
  <testcase name="storeImagesAsPDF" time="0.0" classname="PDFComparison.PDFUtilComparison.DemoPDFTest">
    <ignored/>
  </testcase> <!-- storeImagesAsPDF -->
  <testcase name="getPageContentForPage" time="0.0" classname="PDFComparison.PDFUtilComparison.DemoPDFTest">
    <ignored/>
  </testcase> <!-- getPageContentForPage -->
</testsuite> <!-- Default test -->
