<?xml version="1.0" encoding="UTF-8"?>
<testng-results skipped="0" failed="0" ignored="6" total="7" passed="1">
  <reporter-output>
  </reporter-output>
  <suite name="Default suite" duration-ms="3465" started-at="2024-03-20T06:19:35Z" finished-at="2024-03-20T06:19:38Z">
    <groups>
    </groups>
    <test name="Default test" duration-ms="3465" started-at="2024-03-20T06:19:35Z" finished-at="2024-03-20T06:19:38Z">
      <class name="PDFComparison.PDFUtilComparison.DemoPDFTest">
        <test-method status="PASS" signature="comparePDFvisualMode()[pri:0, instance:PDFComparison.PDFUtilComparison.DemoPDFTest@dd3b207]" name="comparePDFvisualMode" duration-ms="3427" started-at="2024-03-20T11:49:35Z" finished-at="2024-03-20T11:49:38Z">
          <reporter-output>
          </reporter-output>
        </test-method> <!-- comparePDFvisualMode -->
      </class> <!-- PDFComparison.PDFUtilComparison.DemoPDFTest -->
    </test> <!-- Default test -->
  </suite> <!-- Default suite -->
</testng-results>
